<?xml version="1.0" encoding="UTF-8"?>
<!-- Generated by org.testng.reporters.JUnitXMLReporter -->
<testsuite hostname="CUITPO2001" name="Test-Resources" tests="1" failures="0" timestamp="15 Jun 2015 18:12:25 GMT" time="20.665" errors="0">
  <testcase name="test01CreateResource" time="12.399" classname="roomManager.test.admin.CreateResource"/>
</testsuite> <!-- Test-Resources -->
