<?xml version="1.0" encoding="UTF-8"?>
<!-- Generated by org.testng.reporters.JUnitReportReporter -->
<testsuite hostname="CUITPO2001" name="roomManager.test.admin.CreateResource" tests="1" failures="0" timestamp="15 Jun 2015 18:12:26 GMT" time="12.399" errors="0">
  <testcase name="test01CreateResource" time="12.399" classname="roomManager.test.admin.CreateResource"/>
</testsuite> <!-- roomManager.test.admin.CreateResource -->
